IntentFilterP2/app/build/intermediates/manifest_merge_blame_file/debug/processDebugMainManifest/manifest-merger-blame-debug-report.txt
1<?xml version="1.0" encoding="utf-8"?>
2<manifest xmlns:android="http://schemas.android.com/apk/res/android"
3    package="com.example.intentfilterp2"
4    android:versionCode="1"
5    android:versionName="1.0" >
6
7    <uses-sdk
7-->src\main\AndroidManifest.xml:6:5-8:41
8        android:minSdkVersion="8"
8-->src\main\AndroidManifest.xml:7:9-34
9        android:targetSdkVersion="15" />
9-->src\main\AndroidManifest.xml:8:9-38
10
11    <application
11-->src\main\AndroidManifest.xml:10:5-36:19
12        android:debuggable="true"
13        android:icon="@drawable/ic_launcher"
13-->src\main\AndroidManifest.xml:11:9-45
14        android:label="@string/app_name"
14-->src\main\AndroidManifest.xml:12:9-41
15        android:testOnly="true"
16        android:theme="@style/AppTheme" >
16-->src\main\AndroidManifest.xml:13:9-40
17        <activity
17-->src\main\AndroidManifest.xml:15:9-26:20
18            android:name="com.example.intentfilterp2.IT2"
18-->src\main\AndroidManifest.xml:15:19-38
19            android:label="IT2" >
19-->src\main\AndroidManifest.xml:15:39-58
20            <intent-filter>
20-->src\main\AndroidManifest.xml:16:13-20:29
21                <action android:name="android.intent.action.MAIN" />
21-->src\main\AndroidManifest.xml:17:17-69
21-->src\main\AndroidManifest.xml:17:25-66
22
23                <category android:name="android.intent.category.LAUNCHER" />
23-->src\main\AndroidManifest.xml:19:17-77
23-->src\main\AndroidManifest.xml:19:27-74
24            </intent-filter>
25            <intent-filter>
25-->src\main\AndroidManifest.xml:22:13-25:29
26                <action android:name="ACAO_DESEJADA" />
26-->src\main\AndroidManifest.xml:23:17-56
26-->src\main\AndroidManifest.xml:23:25-53
27
28                <category android:name="android.intent.category.DEFAULT" />
28-->src\main\AndroidManifest.xml:24:17-76
28-->src\main\AndroidManifest.xml:24:27-73
29            </intent-filter>
30        </activity>
31        <activity
31-->src\main\AndroidManifest.xml:28:9-34:20
32            android:name="com.example.intentfilterp2.IT3"
32-->src\main\AndroidManifest.xml:28:19-38
33            android:label="@string/title_activity_it3" >
33-->src\main\AndroidManifest.xml:28:39-81
34
35            <!--
36            <intent-filter>
37                <action android:name="ACAO_DESEJADA" />
38				<category android:name="android.intent.category.DEFAULT" />
39                <category android:name="CATEGORIA_CUSTOMIZADA" />
40            </intent-filter>
41            -->
42        </activity>
43    </application>
44
45</manifest>